2020-08-07 10:47:52.618  INFO 89844 --- [main] c.z.springboot.SpringbootApplication     : Starting SpringbootApplication on BKJFSH-18-20064 with PID 89844 (E:\spring-boot-demo\target\classes started by BKJFSH in E:\spring-boot-demo)
2020-08-07 10:47:52.643  INFO 89844 --- [main] c.z.springboot.SpringbootApplication     : No active profile set, falling back to default profiles: default
2020-08-07 10:47:53.649  INFO 89844 --- [main] .s.d.r.c.RepositoryConfigurationDelegate : Multiple Spring Data modules found, entering strict repository configuration mode!
2020-08-07 10:47:53.651  INFO 89844 --- [main] .s.d.r.c.RepositoryConfigurationDelegate : Bootstrapping Spring Data repositories in DEFAULT mode.
2020-08-07 10:47:53.680  INFO 89844 --- [main] .s.d.r.c.RepositoryConfigurationDelegate : Finished Spring Data repository scanning in 16ms. Found 0 repository interfaces.
2020-08-07 10:47:53.928  INFO 89844 --- [main] faultConfiguringBeanFactoryPostProcessor : No bean named 'errorChannel' has been explicitly defined. Therefore, a default PublishSubscribeChannel will be created.
2020-08-07 10:47:53.936  INFO 89844 --- [main] faultConfiguringBeanFactoryPostProcessor : No bean named 'taskScheduler' has been explicitly defined. Therefore, a default ThreadPoolTaskScheduler will be created.
2020-08-07 10:47:53.941  INFO 89844 --- [main] faultConfiguringBeanFactoryPostProcessor : No bean named 'integrationHeaderChannelRegistry' has been explicitly defined. Therefore, a default DefaultHeaderChannelRegistry will be created.
2020-08-07 10:47:54.014  INFO 89844 --- [main] trationDelegate$BeanPostProcessorChecker : Bean 'redisConfiguration' of type [com.zhiyu.springboot.config.RedisConfiguration$$EnhancerBySpringCGLIB$$25c042b1] is not eligible for getting processed by all BeanPostProcessors (for example: not eligible for auto-proxying)
2020-08-07 10:47:54.024  INFO 89844 --- [main] trationDelegate$BeanPostProcessorChecker : Bean 'org.springframework.transaction.annotation.ProxyTransactionManagementConfiguration' of type [org.springframework.transaction.annotation.ProxyTransactionManagementConfiguration$$EnhancerBySpringCGLIB$$df8eaa30] is not eligible for getting processed by all BeanPostProcessors (for example: not eligible for auto-proxying)
2020-08-07 10:47:54.065  INFO 89844 --- [main] trationDelegate$BeanPostProcessorChecker : Bean 'org.springframework.integration.config.IntegrationManagementConfiguration' of type [org.springframework.integration.config.IntegrationManagementConfiguration$$EnhancerBySpringCGLIB$$4a80655f] is not eligible for getting processed by all BeanPostProcessors (for example: not eligible for auto-proxying)
2020-08-07 10:47:54.074  INFO 89844 --- [main] trationDelegate$BeanPostProcessorChecker : Bean 'integrationDisposableAutoCreatedBeans' of type [org.springframework.integration.config.annotation.Disposables] is not eligible for getting processed by all BeanPostProcessors (for example: not eligible for auto-proxying)
2020-08-07 10:47:54.377  INFO 89844 --- [main] o.s.b.w.embedded.tomcat.TomcatWebServer  : Tomcat initialized with port(s): 8080 (http)
2020-08-07 10:47:54.396  INFO 89844 --- [main] o.apache.catalina.core.StandardService   : Starting service [Tomcat]
2020-08-07 10:47:54.396  INFO 89844 --- [main] org.apache.catalina.core.StandardEngine  : Starting Servlet Engine: Apache Tomcat/9.0.12
2020-08-07 10:47:54.403  INFO 89844 --- [main] o.a.catalina.core.AprLifecycleListener   : The APR based Apache Tomcat Native library which allows optimal performance in production environments was not found on the java.library.path: [D:\programs\java\bin;C:\windows\Sun\Java\bin;C:\windows\system32;C:\windows;C:\Program Files (x86)\Common Files\Oracle\Java\javapath;C:\Program Files\Docker\Docker\Resources\bin;C:\Program Files (x86)\Intel\Intel(R) Management Engine Components\iCLS\;C:\Program Files\Intel\Intel(R) Management Engine Components\iCLS\;C:\windows\system32;C:\windows;C:\windows\System32\Wbem;C:\windows\System32\WindowsPowerShell\v1.0\;C:\windows\System32\OpenSSH\;C:\Program Files (x86)\Intel\Intel(R) Management Engine Components\DAL;C:\Program Files\Intel\Intel(R) Management Engine Components\DAL;C:\Program Files (x86)\NVIDIA Corporation\PhysX\Common;D:\programs\Git\cmd;D:\programs\nodejs\;C:\salt;C:\ProgramData\chocolatey\bin;D:\go\bin;C:\Program Files\erl10.7\bin;D:\programs\rabbitmq\rabbitmq_server-3.8.5\sbin;D:\programs\gradle-6.5.1\bin;D:\programs\java\bin;D:\programs\java\jre\bin;D:\maven\apache-maven-3.6.3\bin;D:\python\python36\Scripts\;D:\python\python36\;C:\Users\BKJFSH\AppData\Local\Microsoft\WindowsApps;C:\Users\BKJFSH\AppData\Roaming\npm;D:\programs\mysql-5.7.27\bin;C:\Users\BKJFSH\go\bin;D:\programs\Microsoft VS Code\bin;.]
2020-08-07 10:47:54.506  INFO 89844 --- [main] o.a.c.c.C.[Tomcat].[localhost].[/]       : Initializing Spring embedded WebApplicationContext
2020-08-07 10:47:54.506  INFO 89844 --- [main] o.s.web.context.ContextLoader            : Root WebApplicationContext: initialization completed in 1794 ms
2020-08-07 10:47:54.555  INFO 89844 --- [main] o.s.b.w.servlet.ServletRegistrationBean  : Servlet dispatcherServlet mapped to [/]
2020-08-07 10:47:54.560  INFO 89844 --- [main] o.s.b.w.servlet.FilterRegistrationBean   : Mapping filter: 'characterEncodingFilter' to: [/*]
2020-08-07 10:47:54.560  INFO 89844 --- [main] o.s.b.w.servlet.FilterRegistrationBean   : Mapping filter: 'hiddenHttpMethodFilter' to: [/*]
2020-08-07 10:47:54.560  INFO 89844 --- [main] o.s.b.w.servlet.FilterRegistrationBean   : Mapping filter: 'formContentFilter' to: [/*]
2020-08-07 10:47:54.560  INFO 89844 --- [main] o.s.b.w.servlet.FilterRegistrationBean   : Mapping filter: 'requestContextFilter' to: [/*]
2020-08-07 10:47:55.323  INFO 89844 --- [main] o.s.s.concurrent.ThreadPoolTaskExecutor  : Initializing ExecutorService 'applicationTaskExecutor'
2020-08-07 10:47:55.741  INFO 89844 --- [main] o.s.s.c.ThreadPoolTaskScheduler          : Initializing ExecutorService 'taskScheduler'
2020-08-07 10:47:55.797  INFO 89844 --- [main] o.s.i.endpoint.EventDrivenConsumer       : Adding {logging-channel-adapter:_org.springframework.integration.errorLogger} as a subscriber to the 'errorChannel' channel
2020-08-07 10:47:55.797  INFO 89844 --- [main] o.s.i.channel.PublishSubscribeChannel    : Channel 'application.errorChannel' has 1 subscriber(s).
2020-08-07 10:47:55.797  INFO 89844 --- [main] o.s.i.endpoint.EventDrivenConsumer       : started _org.springframework.integration.errorLogger
2020-08-07 10:47:55.831  INFO 89844 --- [main] o.s.b.w.embedded.tomcat.TomcatWebServer  : Tomcat started on port(s): 8080 (http) with context path ''
2020-08-07 10:47:55.835  INFO 89844 --- [main] c.z.springboot.SpringbootApplication     : Started SpringbootApplication in 3.744 seconds (JVM running for 5.047)
2020-08-07 10:48:40.987  INFO 89844 --- [Thread-3] o.s.i.endpoint.EventDrivenConsumer       : Removing {logging-channel-adapter:_org.springframework.integration.errorLogger} as a subscriber to the 'errorChannel' channel
2020-08-07 10:48:40.987  INFO 89844 --- [Thread-3] o.s.i.channel.PublishSubscribeChannel    : Channel 'application.errorChannel' has 0 subscriber(s).
2020-08-07 10:48:40.987  INFO 89844 --- [Thread-3] o.s.i.endpoint.EventDrivenConsumer       : stopped _org.springframework.integration.errorLogger
2020-08-07 10:48:40.988  INFO 89844 --- [Thread-3] o.s.s.c.ThreadPoolTaskScheduler          : Shutting down ExecutorService 'taskScheduler'
2020-08-07 10:48:40.989  INFO 89844 --- [Thread-3] o.s.s.concurrent.ThreadPoolTaskExecutor  : Shutting down ExecutorService 'applicationTaskExecutor'
2020-08-07 10:48:45.802  INFO 19008 --- [main] c.z.springboot.SpringbootApplication     : Starting SpringbootApplication on BKJFSH-18-20064 with PID 19008 (E:\spring-boot-demo\target\classes started by BKJFSH in E:\spring-boot-demo)
2020-08-07 10:48:45.807  INFO 19008 --- [main] c.z.springboot.SpringbootApplication     : No active profile set, falling back to default profiles: default
2020-08-07 10:48:46.567  INFO 19008 --- [main] .s.d.r.c.RepositoryConfigurationDelegate : Multiple Spring Data modules found, entering strict repository configuration mode!
2020-08-07 10:48:46.570  INFO 19008 --- [main] .s.d.r.c.RepositoryConfigurationDelegate : Bootstrapping Spring Data repositories in DEFAULT mode.
2020-08-07 10:48:46.601  INFO 19008 --- [main] .s.d.r.c.RepositoryConfigurationDelegate : Finished Spring Data repository scanning in 17ms. Found 0 repository interfaces.
2020-08-07 10:48:46.860  INFO 19008 --- [main] faultConfiguringBeanFactoryPostProcessor : No bean named 'errorChannel' has been explicitly defined. Therefore, a default PublishSubscribeChannel will be created.
2020-08-07 10:48:46.872  INFO 19008 --- [main] faultConfiguringBeanFactoryPostProcessor : No bean named 'integrationHeaderChannelRegistry' has been explicitly defined. Therefore, a default DefaultHeaderChannelRegistry will be created.
2020-08-07 10:48:46.953  INFO 19008 --- [main] trationDelegate$BeanPostProcessorChecker : Bean 'redisConfiguration' of type [com.zhiyu.springboot.config.RedisConfiguration$$EnhancerBySpringCGLIB$$f7896412] is not eligible for getting processed by all BeanPostProcessors (for example: not eligible for auto-proxying)
2020-08-07 10:48:46.962  INFO 19008 --- [main] trationDelegate$BeanPostProcessorChecker : Bean 'org.springframework.transaction.annotation.ProxyTransactionManagementConfiguration' of type [org.springframework.transaction.annotation.ProxyTransactionManagementConfiguration$$EnhancerBySpringCGLIB$$b157cb91] is not eligible for getting processed by all BeanPostProcessors (for example: not eligible for auto-proxying)
2020-08-07 10:48:46.995  INFO 19008 --- [main] trationDelegate$BeanPostProcessorChecker : Bean 'org.springframework.integration.config.IntegrationManagementConfiguration' of type [org.springframework.integration.config.IntegrationManagementConfiguration$$EnhancerBySpringCGLIB$$1c4986c0] is not eligible for getting processed by all BeanPostProcessors (for example: not eligible for auto-proxying)
2020-08-07 10:48:47.006  INFO 19008 --- [main] trationDelegate$BeanPostProcessorChecker : Bean 'integrationDisposableAutoCreatedBeans' of type [org.springframework.integration.config.annotation.Disposables] is not eligible for getting processed by all BeanPostProcessors (for example: not eligible for auto-proxying)
2020-08-07 10:48:47.330  INFO 19008 --- [main] o.s.b.w.embedded.tomcat.TomcatWebServer  : Tomcat initialized with port(s): 8080 (http)
2020-08-07 10:48:47.346  INFO 19008 --- [main] o.apache.catalina.core.StandardService   : Starting service [Tomcat]
2020-08-07 10:48:47.347  INFO 19008 --- [main] org.apache.catalina.core.StandardEngine  : Starting Servlet Engine: Apache Tomcat/9.0.12
2020-08-07 10:48:47.354  INFO 19008 --- [main] o.a.catalina.core.AprLifecycleListener   : The APR based Apache Tomcat Native library which allows optimal performance in production environments was not found on the java.library.path: [D:\programs\java\bin;C:\windows\Sun\Java\bin;C:\windows\system32;C:\windows;C:\Program Files (x86)\Common Files\Oracle\Java\javapath;C:\Program Files\Docker\Docker\Resources\bin;C:\Program Files (x86)\Intel\Intel(R) Management Engine Components\iCLS\;C:\Program Files\Intel\Intel(R) Management Engine Components\iCLS\;C:\windows\system32;C:\windows;C:\windows\System32\Wbem;C:\windows\System32\WindowsPowerShell\v1.0\;C:\windows\System32\OpenSSH\;C:\Program Files (x86)\Intel\Intel(R) Management Engine Components\DAL;C:\Program Files\Intel\Intel(R) Management Engine Components\DAL;C:\Program Files (x86)\NVIDIA Corporation\PhysX\Common;D:\programs\Git\cmd;D:\programs\nodejs\;C:\salt;C:\ProgramData\chocolatey\bin;D:\go\bin;C:\Program Files\erl10.7\bin;D:\programs\rabbitmq\rabbitmq_server-3.8.5\sbin;D:\programs\gradle-6.5.1\bin;D:\programs\java\bin;D:\programs\java\jre\bin;D:\maven\apache-maven-3.6.3\bin;D:\python\python36\Scripts\;D:\python\python36\;C:\Users\BKJFSH\AppData\Local\Microsoft\WindowsApps;C:\Users\BKJFSH\AppData\Roaming\npm;D:\programs\mysql-5.7.27\bin;C:\Users\BKJFSH\go\bin;D:\programs\Microsoft VS Code\bin;.]
2020-08-07 10:48:47.454  INFO 19008 --- [main] o.a.c.c.C.[Tomcat].[localhost].[/]       : Initializing Spring embedded WebApplicationContext
2020-08-07 10:48:47.454  INFO 19008 --- [main] o.s.web.context.ContextLoader            : Root WebApplicationContext: initialization completed in 1590 ms
2020-08-07 10:48:47.500  INFO 19008 --- [main] o.s.b.w.servlet.ServletRegistrationBean  : Servlet dispatcherServlet mapped to [/]
2020-08-07 10:48:47.505  INFO 19008 --- [main] o.s.b.w.servlet.FilterRegistrationBean   : Mapping filter: 'characterEncodingFilter' to: [/*]
2020-08-07 10:48:47.506  INFO 19008 --- [main] o.s.b.w.servlet.FilterRegistrationBean   : Mapping filter: 'hiddenHttpMethodFilter' to: [/*]
2020-08-07 10:48:47.506  INFO 19008 --- [main] o.s.b.w.servlet.FilterRegistrationBean   : Mapping filter: 'formContentFilter' to: [/*]
2020-08-07 10:48:47.506  INFO 19008 --- [main] o.s.b.w.servlet.FilterRegistrationBean   : Mapping filter: 'requestContextFilter' to: [/*]
2020-08-07 10:48:48.318  INFO 19008 --- [main] o.s.s.concurrent.ThreadPoolTaskExecutor  : Initializing ExecutorService 'applicationTaskExecutor'
2020-08-07 10:48:48.676  INFO 19008 --- [main] o.s.s.c.ThreadPoolTaskScheduler          : Initializing ExecutorService 'taskScheduler'
2020-08-07 10:48:48.820  INFO 19008 --- [main] o.s.i.endpoint.EventDrivenConsumer       : Adding {logging-channel-adapter:_org.springframework.integration.errorLogger} as a subscriber to the 'errorChannel' channel
2020-08-07 10:48:48.820  INFO 19008 --- [main] o.s.i.channel.PublishSubscribeChannel    : Channel 'application.errorChannel' has 1 subscriber(s).
2020-08-07 10:48:48.820  INFO 19008 --- [main] o.s.i.endpoint.EventDrivenConsumer       : started _org.springframework.integration.errorLogger
2020-08-07 10:48:48.865  INFO 19008 --- [main] o.s.b.w.embedded.tomcat.TomcatWebServer  : Tomcat started on port(s): 8080 (http) with context path ''
2020-08-07 10:48:48.869  INFO 19008 --- [main] c.z.springboot.SpringbootApplication     : Started SpringbootApplication in 3.552 seconds (JVM running for 4.689)
2020-08-07 10:49:02.815  INFO 19008 --- [Thread-3] o.s.i.endpoint.EventDrivenConsumer       : Removing {logging-channel-adapter:_org.springframework.integration.errorLogger} as a subscriber to the 'errorChannel' channel
2020-08-07 10:49:02.815  INFO 19008 --- [Thread-3] o.s.i.channel.PublishSubscribeChannel    : Channel 'application.errorChannel' has 0 subscriber(s).
2020-08-07 10:49:02.816  INFO 19008 --- [Thread-3] o.s.i.endpoint.EventDrivenConsumer       : stopped _org.springframework.integration.errorLogger
2020-08-07 10:49:02.817  INFO 19008 --- [Thread-3] o.s.s.c.ThreadPoolTaskScheduler          : Shutting down ExecutorService 'taskScheduler'
2020-08-07 10:49:02.818  INFO 19008 --- [Thread-3] o.s.s.concurrent.ThreadPoolTaskExecutor  : Shutting down ExecutorService 'applicationTaskExecutor'
2020-08-07 10:56:59.540  INFO 16448 --- [main] c.z.springboot.SpringbootApplication     : Starting SpringbootApplication on BKJFSH-18-20064 with PID 16448 (E:\spring-boot-demo\target\classes started by BKJFSH in E:\spring-boot-demo)
2020-08-07 10:56:59.544  INFO 16448 --- [main] c.z.springboot.SpringbootApplication     : No active profile set, falling back to default profiles: default
2020-08-07 10:57:00.435  INFO 16448 --- [main] .s.d.r.c.RepositoryConfigurationDelegate : Multiple Spring Data modules found, entering strict repository configuration mode!
2020-08-07 10:57:00.437  INFO 16448 --- [main] .s.d.r.c.RepositoryConfigurationDelegate : Bootstrapping Spring Data repositories in DEFAULT mode.
2020-08-07 10:57:00.471  INFO 16448 --- [main] .s.d.r.c.RepositoryConfigurationDelegate : Finished Spring Data repository scanning in 21ms. Found 0 repository interfaces.
2020-08-07 10:57:00.723  INFO 16448 --- [main] faultConfiguringBeanFactoryPostProcessor : No bean named 'errorChannel' has been explicitly defined. Therefore, a default PublishSubscribeChannel will be created.
2020-08-07 10:57:00.735  INFO 16448 --- [main] faultConfiguringBeanFactoryPostProcessor : No bean named 'integrationHeaderChannelRegistry' has been explicitly defined. Therefore, a default DefaultHeaderChannelRegistry will be created.
2020-08-07 10:57:00.819  INFO 16448 --- [main] trationDelegate$BeanPostProcessorChecker : Bean 'redisConfiguration' of type [com.zhiyu.springboot.config.RedisConfiguration$$EnhancerBySpringCGLIB$$e3093a47] is not eligible for getting processed by all BeanPostProcessors (for example: not eligible for auto-proxying)
2020-08-07 10:57:00.828  INFO 16448 --- [main] trationDelegate$BeanPostProcessorChecker : Bean 'org.springframework.transaction.annotation.ProxyTransactionManagementConfiguration' of type [org.springframework.transaction.annotation.ProxyTransactionManagementConfiguration$$EnhancerBySpringCGLIB$$9cd7a1c6] is not eligible for getting processed by all BeanPostProcessors (for example: not eligible for auto-proxying)
2020-08-07 10:57:00.862  INFO 16448 --- [main] trationDelegate$BeanPostProcessorChecker : Bean 'org.springframework.integration.config.IntegrationManagementConfiguration' of type [org.springframework.integration.config.IntegrationManagementConfiguration$$EnhancerBySpringCGLIB$$7c95cf5] is not eligible for getting processed by all BeanPostProcessors (for example: not eligible for auto-proxying)
2020-08-07 10:57:00.872  INFO 16448 --- [main] trationDelegate$BeanPostProcessorChecker : Bean 'integrationDisposableAutoCreatedBeans' of type [org.springframework.integration.config.annotation.Disposables] is not eligible for getting processed by all BeanPostProcessors (for example: not eligible for auto-proxying)
2020-08-07 10:57:01.203  INFO 16448 --- [main] o.s.b.w.embedded.tomcat.TomcatWebServer  : Tomcat initialized with port(s): 8080 (http)
2020-08-07 10:57:01.220  INFO 16448 --- [main] o.apache.catalina.core.StandardService   : Starting service [Tomcat]
2020-08-07 10:57:01.220  INFO 16448 --- [main] org.apache.catalina.core.StandardEngine  : Starting Servlet Engine: Apache Tomcat/9.0.12
2020-08-07 10:57:01.227  INFO 16448 --- [main] o.a.catalina.core.AprLifecycleListener   : The APR based Apache Tomcat Native library which allows optimal performance in production environments was not found on the java.library.path: [D:\programs\java\bin;C:\windows\Sun\Java\bin;C:\windows\system32;C:\windows;C:\Program Files (x86)\Common Files\Oracle\Java\javapath;C:\Program Files\Docker\Docker\Resources\bin;C:\Program Files (x86)\Intel\Intel(R) Management Engine Components\iCLS\;C:\Program Files\Intel\Intel(R) Management Engine Components\iCLS\;C:\windows\system32;C:\windows;C:\windows\System32\Wbem;C:\windows\System32\WindowsPowerShell\v1.0\;C:\windows\System32\OpenSSH\;C:\Program Files (x86)\Intel\Intel(R) Management Engine Components\DAL;C:\Program Files\Intel\Intel(R) Management Engine Components\DAL;C:\Program Files (x86)\NVIDIA Corporation\PhysX\Common;D:\programs\Git\cmd;D:\programs\nodejs\;C:\salt;C:\ProgramData\chocolatey\bin;D:\go\bin;C:\Program Files\erl10.7\bin;D:\programs\rabbitmq\rabbitmq_server-3.8.5\sbin;D:\programs\gradle-6.5.1\bin;D:\programs\java\bin;D:\programs\java\jre\bin;D:\maven\apache-maven-3.6.3\bin;D:\python\python36\Scripts\;D:\python\python36\;C:\Users\BKJFSH\AppData\Local\Microsoft\WindowsApps;C:\Users\BKJFSH\AppData\Roaming\npm;D:\programs\mysql-5.7.27\bin;C:\Users\BKJFSH\go\bin;D:\programs\Microsoft VS Code\bin;.]
2020-08-07 10:57:01.347  INFO 16448 --- [main] o.a.c.c.C.[Tomcat].[localhost].[/]       : Initializing Spring embedded WebApplicationContext
2020-08-07 10:57:01.347  INFO 16448 --- [main] o.s.web.context.ContextLoader            : Root WebApplicationContext: initialization completed in 1750 ms
2020-08-07 10:57:01.379  INFO 16448 --- [main] o.s.b.w.servlet.ServletRegistrationBean  : Servlet dispatcherServlet mapped to [/]
2020-08-07 10:57:01.383  INFO 16448 --- [main] o.s.b.w.servlet.FilterRegistrationBean   : Mapping filter: 'characterEncodingFilter' to: [/*]
2020-08-07 10:57:01.384  INFO 16448 --- [main] o.s.b.w.servlet.FilterRegistrationBean   : Mapping filter: 'hiddenHttpMethodFilter' to: [/*]
2020-08-07 10:57:01.384  INFO 16448 --- [main] o.s.b.w.servlet.FilterRegistrationBean   : Mapping filter: 'formContentFilter' to: [/*]
2020-08-07 10:57:01.384  INFO 16448 --- [main] o.s.b.w.servlet.FilterRegistrationBean   : Mapping filter: 'requestContextFilter' to: [/*]
2020-08-07 10:57:02.147  INFO 16448 --- [main] o.s.s.concurrent.ThreadPoolTaskExecutor  : Initializing ExecutorService 'applicationTaskExecutor'
2020-08-07 10:57:02.476  INFO 16448 --- [main] o.s.s.c.ThreadPoolTaskScheduler          : Initializing ExecutorService 'taskScheduler'
2020-08-07 10:57:02.623  INFO 16448 --- [main] o.s.i.endpoint.EventDrivenConsumer       : Adding {logging-channel-adapter:_org.springframework.integration.errorLogger} as a subscriber to the 'errorChannel' channel
2020-08-07 10:57:02.623  INFO 16448 --- [main] o.s.i.channel.PublishSubscribeChannel    : Channel 'application.errorChannel' has 1 subscriber(s).
2020-08-07 10:57:02.623  INFO 16448 --- [main] o.s.i.endpoint.EventDrivenConsumer       : started _org.springframework.integration.errorLogger
2020-08-07 10:57:02.660  INFO 16448 --- [main] o.s.b.w.embedded.tomcat.TomcatWebServer  : Tomcat started on port(s): 8080 (http) with context path ''
2020-08-07 10:57:02.663  INFO 16448 --- [main] c.z.springboot.SpringbootApplication     : Started SpringbootApplication in 3.632 seconds (JVM running for 4.893)
2020-08-07 10:57:21.029  INFO 16448 --- [http-nio-8080-exec-1] o.a.c.c.C.[Tomcat].[localhost].[/]       : Initializing Spring DispatcherServlet 'dispatcherServlet'
2020-08-07 10:57:21.029  INFO 16448 --- [http-nio-8080-exec-1] o.s.web.servlet.DispatcherServlet        : Initializing Servlet 'dispatcherServlet'
2020-08-07 10:57:21.039  INFO 16448 --- [http-nio-8080-exec-1] o.s.web.servlet.DispatcherServlet        : Completed initialization in 10 ms
2020-08-07 10:59:07.805  INFO 16448 --- [Thread-3] o.s.i.endpoint.EventDrivenConsumer       : Removing {logging-channel-adapter:_org.springframework.integration.errorLogger} as a subscriber to the 'errorChannel' channel
2020-08-07 10:59:07.806  INFO 16448 --- [Thread-3] o.s.i.channel.PublishSubscribeChannel    : Channel 'application.errorChannel' has 0 subscriber(s).
2020-08-07 10:59:07.806  INFO 16448 --- [Thread-3] o.s.i.endpoint.EventDrivenConsumer       : stopped _org.springframework.integration.errorLogger
2020-08-07 10:59:07.807  INFO 16448 --- [Thread-3] o.s.s.c.ThreadPoolTaskScheduler          : Shutting down ExecutorService 'taskScheduler'
2020-08-07 10:59:07.808  INFO 16448 --- [Thread-3] o.s.s.concurrent.ThreadPoolTaskExecutor  : Shutting down ExecutorService 'applicationTaskExecutor'
2020-08-07 10:59:12.591  INFO 74128 --- [main] c.z.springboot.SpringbootApplication     : Starting SpringbootApplication on BKJFSH-18-20064 with PID 74128 (E:\spring-boot-demo\target\classes started by BKJFSH in E:\spring-boot-demo)
2020-08-07 10:59:12.595  INFO 74128 --- [main] c.z.springboot.SpringbootApplication     : No active profile set, falling back to default profiles: default
2020-08-07 10:59:13.621  INFO 74128 --- [main] .s.d.r.c.RepositoryConfigurationDelegate : Multiple Spring Data modules found, entering strict repository configuration mode!
2020-08-07 10:59:13.623  INFO 74128 --- [main] .s.d.r.c.RepositoryConfigurationDelegate : Bootstrapping Spring Data repositories in DEFAULT mode.
2020-08-07 10:59:13.654  INFO 74128 --- [main] .s.d.r.c.RepositoryConfigurationDelegate : Finished Spring Data repository scanning in 15ms. Found 0 repository interfaces.
2020-08-07 10:59:13.923  INFO 74128 --- [main] faultConfiguringBeanFactoryPostProcessor : No bean named 'errorChannel' has been explicitly defined. Therefore, a default PublishSubscribeChannel will be created.
2020-08-07 10:59:13.934  INFO 74128 --- [main] faultConfiguringBeanFactoryPostProcessor : No bean named 'integrationHeaderChannelRegistry' has been explicitly defined. Therefore, a default DefaultHeaderChannelRegistry will be created.
2020-08-07 10:59:14.021  INFO 74128 --- [main] trationDelegate$BeanPostProcessorChecker : Bean 'redisConfiguration' of type [com.zhiyu.springboot.config.RedisConfiguration$$EnhancerBySpringCGLIB$$e7611cc4] is not eligible for getting processed by all BeanPostProcessors (for example: not eligible for auto-proxying)
2020-08-07 10:59:14.031  INFO 74128 --- [main] trationDelegate$BeanPostProcessorChecker : Bean 'org.springframework.transaction.annotation.ProxyTransactionManagementConfiguration' of type [org.springframework.transaction.annotation.ProxyTransactionManagementConfiguration$$EnhancerBySpringCGLIB$$a12f8443] is not eligible for getting processed by all BeanPostProcessors (for example: not eligible for auto-proxying)
2020-08-07 10:59:14.087  INFO 74128 --- [main] trationDelegate$BeanPostProcessorChecker : Bean 'org.springframework.integration.config.IntegrationManagementConfiguration' of type [org.springframework.integration.config.IntegrationManagementConfiguration$$EnhancerBySpringCGLIB$$c213f72] is not eligible for getting processed by all BeanPostProcessors (for example: not eligible for auto-proxying)
2020-08-07 10:59:14.097  INFO 74128 --- [main] trationDelegate$BeanPostProcessorChecker : Bean 'integrationDisposableAutoCreatedBeans' of type [org.springframework.integration.config.annotation.Disposables] is not eligible for getting processed by all BeanPostProcessors (for example: not eligible for auto-proxying)
2020-08-07 10:59:14.409  INFO 74128 --- [main] o.s.b.w.embedded.tomcat.TomcatWebServer  : Tomcat initialized with port(s): 8080 (http)
2020-08-07 10:59:14.425  INFO 74128 --- [main] o.apache.catalina.core.StandardService   : Starting service [Tomcat]
2020-08-07 10:59:14.425  INFO 74128 --- [main] org.apache.catalina.core.StandardEngine  : Starting Servlet Engine: Apache Tomcat/9.0.12
2020-08-07 10:59:14.432  INFO 74128 --- [main] o.a.catalina.core.AprLifecycleListener   : The APR based Apache Tomcat Native library which allows optimal performance in production environments was not found on the java.library.path: [D:\programs\java\bin;C:\windows\Sun\Java\bin;C:\windows\system32;C:\windows;C:\Program Files (x86)\Common Files\Oracle\Java\javapath;C:\Program Files\Docker\Docker\Resources\bin;C:\Program Files (x86)\Intel\Intel(R) Management Engine Components\iCLS\;C:\Program Files\Intel\Intel(R) Management Engine Components\iCLS\;C:\windows\system32;C:\windows;C:\windows\System32\Wbem;C:\windows\System32\WindowsPowerShell\v1.0\;C:\windows\System32\OpenSSH\;C:\Program Files (x86)\Intel\Intel(R) Management Engine Components\DAL;C:\Program Files\Intel\Intel(R) Management Engine Components\DAL;C:\Program Files (x86)\NVIDIA Corporation\PhysX\Common;D:\programs\Git\cmd;D:\programs\nodejs\;C:\salt;C:\ProgramData\chocolatey\bin;D:\go\bin;C:\Program Files\erl10.7\bin;D:\programs\rabbitmq\rabbitmq_server-3.8.5\sbin;D:\programs\gradle-6.5.1\bin;D:\programs\java\bin;D:\programs\java\jre\bin;D:\maven\apache-maven-3.6.3\bin;D:\python\python36\Scripts\;D:\python\python36\;C:\Users\BKJFSH\AppData\Local\Microsoft\WindowsApps;C:\Users\BKJFSH\AppData\Roaming\npm;D:\programs\mysql-5.7.27\bin;C:\Users\BKJFSH\go\bin;D:\programs\Microsoft VS Code\bin;.]
2020-08-07 10:59:14.526  INFO 74128 --- [main] o.a.c.c.C.[Tomcat].[localhost].[/]       : Initializing Spring embedded WebApplicationContext
2020-08-07 10:59:14.526  INFO 74128 --- [main] o.s.web.context.ContextLoader            : Root WebApplicationContext: initialization completed in 1875 ms
2020-08-07 10:59:14.559  INFO 74128 --- [main] o.s.b.w.servlet.ServletRegistrationBean  : Servlet dispatcherServlet mapped to [/]
2020-08-07 10:59:14.563  INFO 74128 --- [main] o.s.b.w.servlet.FilterRegistrationBean   : Mapping filter: 'characterEncodingFilter' to: [/*]
2020-08-07 10:59:14.564  INFO 74128 --- [main] o.s.b.w.servlet.FilterRegistrationBean   : Mapping filter: 'hiddenHttpMethodFilter' to: [/*]
2020-08-07 10:59:14.564  INFO 74128 --- [main] o.s.b.w.servlet.FilterRegistrationBean   : Mapping filter: 'formContentFilter' to: [/*]
2020-08-07 10:59:14.564  INFO 74128 --- [main] o.s.b.w.servlet.FilterRegistrationBean   : Mapping filter: 'requestContextFilter' to: [/*]
2020-08-07 10:59:15.509  INFO 74128 --- [main] pertySourcedRequestMappingHandlerMapping : Mapped URL path [/v2/api-docs] onto method [public org.springframework.http.ResponseEntity<springfox.documentation.spring.web.json.Json> springfox.documentation.swagger2.web.Swagger2Controller.getDocumentation(java.lang.String,javax.servlet.http.HttpServletRequest)]
2020-08-07 10:59:15.671  INFO 74128 --- [main] o.s.s.concurrent.ThreadPoolTaskExecutor  : Initializing ExecutorService 'applicationTaskExecutor'
2020-08-07 10:59:15.985  INFO 74128 --- [main] o.s.s.c.ThreadPoolTaskScheduler          : Initializing ExecutorService 'taskScheduler'
2020-08-07 10:59:16.159  INFO 74128 --- [main] o.s.i.endpoint.EventDrivenConsumer       : Adding {logging-channel-adapter:_org.springframework.integration.errorLogger} as a subscriber to the 'errorChannel' channel
2020-08-07 10:59:16.159  INFO 74128 --- [main] o.s.i.channel.PublishSubscribeChannel    : Channel 'application.errorChannel' has 1 subscriber(s).
2020-08-07 10:59:16.159  INFO 74128 --- [main] o.s.i.endpoint.EventDrivenConsumer       : started _org.springframework.integration.errorLogger
2020-08-07 10:59:16.159  INFO 74128 --- [main] d.s.w.p.DocumentationPluginsBootstrapper : Context refreshed
2020-08-07 10:59:16.182  INFO 74128 --- [main] d.s.w.p.DocumentationPluginsBootstrapper : Found 1 custom documentation plugin(s)
2020-08-07 10:59:16.231  INFO 74128 --- [main] s.d.s.w.s.ApiListingReferenceScanner     : Scanning for api listing references
2020-08-07 10:59:16.386  INFO 74128 --- [main] .d.s.w.r.o.CachingOperationNameGenerator : Generating unique operation named: queryAllUsingGET_1
2020-08-07 10:59:16.389  INFO 74128 --- [main] .d.s.w.r.o.CachingOperationNameGenerator : Generating unique operation named: insertUsingGET_1
2020-08-07 10:59:16.391  INFO 74128 --- [main] .d.s.w.r.o.CachingOperationNameGenerator : Generating unique operation named: insertUsingGET_2
2020-08-07 10:59:16.393  INFO 74128 --- [main] .d.s.w.r.o.CachingOperationNameGenerator : Generating unique operation named: insertUsingGET_3
2020-08-07 10:59:16.395  INFO 74128 --- [main] .d.s.w.r.o.CachingOperationNameGenerator : Generating unique operation named: queryAllUsingGET_2
2020-08-07 10:59:16.488  INFO 74128 --- [main] o.s.b.w.embedded.tomcat.TomcatWebServer  : Tomcat started on port(s): 8080 (http) with context path ''
2020-08-07 10:59:16.492  INFO 74128 --- [main] c.z.springboot.SpringbootApplication     : Started SpringbootApplication in 4.377 seconds (JVM running for 5.618)
2020-08-07 10:59:22.173  INFO 74128 --- [http-nio-8080-exec-1] o.a.c.c.C.[Tomcat].[localhost].[/]       : Initializing Spring DispatcherServlet 'dispatcherServlet'
2020-08-07 10:59:22.173  INFO 74128 --- [http-nio-8080-exec-1] o.s.web.servlet.DispatcherServlet        : Initializing Servlet 'dispatcherServlet'
2020-08-07 10:59:22.184  INFO 74128 --- [http-nio-8080-exec-1] o.s.web.servlet.DispatcherServlet        : Completed initialization in 11 ms
2020-08-07 11:00:53.268  INFO 74128 --- [Thread-3] o.s.i.endpoint.EventDrivenConsumer       : Removing {logging-channel-adapter:_org.springframework.integration.errorLogger} as a subscriber to the 'errorChannel' channel
2020-08-07 11:00:53.269  INFO 74128 --- [Thread-3] o.s.i.channel.PublishSubscribeChannel    : Channel 'application.errorChannel' has 0 subscriber(s).
2020-08-07 11:00:53.269  INFO 74128 --- [Thread-3] o.s.i.endpoint.EventDrivenConsumer       : stopped _org.springframework.integration.errorLogger
2020-08-07 11:00:53.270  INFO 74128 --- [Thread-3] o.s.s.c.ThreadPoolTaskScheduler          : Shutting down ExecutorService 'taskScheduler'
2020-08-07 11:00:53.272  INFO 74128 --- [Thread-3] o.s.s.concurrent.ThreadPoolTaskExecutor  : Shutting down ExecutorService 'applicationTaskExecutor'
